{
  "stats": {
    "suites": 1,
    "tests": 1,
    "passes": 0,
    "pending": 0,
    "failures": 1,
    "start": "2026-09-05T09:07:09.203Z",
    "end": "2026-09-05T09:07:11.725Z",
    "duration": 2522,
    "testsRegistered": 1,
    "passPercent": 0,
    "pendingPercent": 0,
    "other": 0,
    "hasOther": false,
    "skipped": 0,
    "hasSkipped": false
  },
  "results": [
    {
      "uuid": "0b28bd19-9171-4d20-90b3-6573a44e81ee",
      "title": "",
      "fullFile": "cypress/e2e/AutoTests/Customer/Create-tripRequest.cy.js",
      "file": "cypress/e2e/AutoTests/Customer/Create-tripRequest.cy.js",
      "beforeHooks": [],
      "afterHooks": [],
      "tests": [],
      "suites": [
        {
          "uuid": "e1655ee3-1786-4574-b243-4c593b943df7",
          "title": "create trip request",
          "fullFile": "",
          "file": "",
          "beforeHooks": [],
          "afterHooks": [],
          "tests": [
            {
              "title": "create a trip request",
              "fullTitle": "create trip request create a trip request",
              "timedOut": null,
              "duration": 616,
              "state": "failed",
              "speed": null,
              "pass": false,
              "fail": true,
              "pending": false,
              "context": null,
              "code": "cy.gclick('[href=\"/trip-requests/create/sellers\"]');\ncy.wait(500);\ncy.get('[class=\"text-bold\"]').contains('نامی نو').click();\ncy.wait(500);\ncy.get('div.header-container > .q-page > :nth-child(2)').within(() => {\n  cy.get('.q-radio__inner').within(() => {\n    cy.get('input[type=\"radio\"]').should('be.checked');\n  });\n});\ncy.gclick('[href=\"/trip-requests/create/sellers/2/delivery-requests#PARCEL\"]');\ncy.wait(500);\ncy.get(':nth-child(1) > .flex-column').within(() => {\n  cy.get('.flex.items-center > :nth-child(1)').within(() => {\n    cy.gclick('.q-icon');\n    for (let i = 0; i < 10; i++) {\n      cy.gclick('.flex > .q-field > .q-field__inner > .q-field__control > .q-field__prepend > .q-icon');\n    }\n  });\n});\ncy.get(':nth-child(3) > .flex-column > .flex.items-center > :nth-child(1)').within(() => {\n  cy.gclick('.q-icon');\n  for (let i = 0; i < 10; i++) {\n    cy.gclick('.flex > .q-field > .q-field__inner > .q-field__control > .q-field__prepend > .q-icon');\n  }\n});\ncy.intercept('POST', `${_urls.URL}${_urls.customer_api}/customer/trip-requests`).as('trip-request');\ncy.gclick('.q-pa-md > .q-btn > .q-btn__content');\ncy.gclick('.q-pa-sm');\ncy.wait('@trip-request').then(res => {\n  let response = JSON.stringify(res);\n  cy.log(response);\n});\ncy.get('.text-h5', {\n  timeout: 10000\n}).should('be.visible');\ncy.get('.text-h5').contains('سفارش شما با موفقیت ثبت شد!');",
              "err": {
                "message": "CypressError: `cy.request()` failed on:\n\nhttp://192.168.7.10:7071/api/admin/pub/account/login\n\nThe response we received from your web server was:\n\n  > 406: Not Acceptable\n\nThis was considered a failure because the status code was not `2xx` or `3xx`.\n\nIf you do not want status codes to cause failures pass the option: `failOnStatusCode: false`\n\n-----------------------------------------------------------\n\nThe request we sent was:\n\nMethod: POST\nURL: http://192.168.7.10:7071/api/admin/pub/account/login\nHeaders: {\n  \"Connection\": \"keep-alive\",\n  \"user-agent\": \"Mozilla/5.0 (X11; Linux x86_64) AppleWebKit/537.36 (KHTML, like Gecko) Cypress/13.7.3 Chrome/118.0.5993.159 Electron/27.1.3 Safari/537.36\",\n  \"accept\": \"*/*\",\n  \"accept-encoding\": \"gzip, deflate\",\n  \"content-type\": \"application/json\",\n  \"content-length\": 132\n}\nBody: {\"panelType\":\"CUSTOMER\",\"clientType\":\"WEB\",\"uniqueId\":979807369,\"username\":\"+989362348839\",\"password\":\"123456\",\"firebaseToken\":null}\n\n-----------------------------------------------------------\n\nThe response we got was:\n\nStatus: 406 - Not Acceptable\nHeaders: {\n  \"server\": \"nginx/1.18.0 (Ubuntu)\",\n  \"date\": \"Sat, 05 Sep 2026 09:07:57 GMT\",\n  \"content-type\": \"application/json\",\n  \"content-length\": \"73\",\n  \"connection\": \"keep-alive\",\n  \"vary\": \"Origin, Access-Control-Request-Method, Access-Control-Request-Headers\",\n  \"x-content-type-options\": \"nosniff\",\n  \"x-xss-protection\": \"0\",\n  \"cache-control\": \"no-cache, no-store, max-age=0, must-revalidate\",\n  \"pragma\": \"no-cache\",\n  \"expires\": \"0\",\n  \"x-frame-options\": \"DENY\",\n  \"strict-transport-security\": \"max-age=7889400; preload;\"\n}\nBody: {\n  \"code\": \"INVALID_TOKEN_HEADER\",\n  \"status\": 406,\n  \"errorCode\": 2101,\n  \"data\": null\n}\n\n\nhttps://on.cypress.io/request\n\nBecause this error occurred during a `before each` hook we are skipping the remaining tests in the current suite: `create trip request`",
                "estack": "CypressError: `cy.request()` failed on:\n\nhttp://192.168.7.10:7071/api/admin/pub/account/login\n\nThe response we received from your web server was:\n\n  > 406: Not Acceptable\n\nThis was considered a failure because the status code was not `2xx` or `3xx`.\n\nIf you do not want status codes to cause failures pass the option: `failOnStatusCode: false`\n\n-----------------------------------------------------------\n\nThe request we sent was:\n\nMethod: POST\nURL: http://192.168.7.10:7071/api/admin/pub/account/login\nHeaders: {\n  \"Connection\": \"keep-alive\",\n  \"user-agent\": \"Mozilla/5.0 (X11; Linux x86_64) AppleWebKit/537.36 (KHTML, like Gecko) Cypress/13.7.3 Chrome/118.0.5993.159 Electron/27.1.3 Safari/537.36\",\n  \"accept\": \"*/*\",\n  \"accept-encoding\": \"gzip, deflate\",\n  \"content-type\": \"application/json\",\n  \"content-length\": 132\n}\nBody: {\"panelType\":\"CUSTOMER\",\"clientType\":\"WEB\",\"uniqueId\":979807369,\"username\":\"+989362348839\",\"password\":\"123456\",\"firebaseToken\":null}\n\n-----------------------------------------------------------\n\nThe response we got was:\n\nStatus: 406 - Not Acceptable\nHeaders: {\n  \"server\": \"nginx/1.18.0 (Ubuntu)\",\n  \"date\": \"Sat, 05 Sep 2026 09:07:57 GMT\",\n  \"content-type\": \"application/json\",\n  \"content-length\": \"73\",\n  \"connection\": \"keep-alive\",\n  \"vary\": \"Origin, Access-Control-Request-Method, Access-Control-Request-Headers\",\n  \"x-content-type-options\": \"nosniff\",\n  \"x-xss-protection\": \"0\",\n  \"cache-control\": \"no-cache, no-store, max-age=0, must-revalidate\",\n  \"pragma\": \"no-cache\",\n  \"expires\": \"0\",\n  \"x-frame-options\": \"DENY\",\n  \"strict-transport-security\": \"max-age=7889400; preload;\"\n}\nBody: {\n  \"code\": \"INVALID_TOKEN_HEADER\",\n  \"status\": 406,\n  \"errorCode\": 2101,\n  \"data\": null\n}\n\n\nhttps://on.cypress.io/request\n\nBecause this error occurred during a `before each` hook we are skipping the remaining tests in the current suite: `create trip request`\n    at <unknown> (http://192.168.7.10:7006/__cypress/runner/cypress_runner.js:133123:72)\n    at tryCatcher (http://192.168.7.10:7006/__cypress/runner/cypress_runner.js:1807:23)\n    at Promise._settlePromiseFromHandler (http://192.168.7.10:7006/__cypress/runner/cypress_runner.js:1519:31)\n    at Promise._settlePromise (http://192.168.7.10:7006/__cypress/runner/cypress_runner.js:1576:18)\n    at Promise._settlePromise0 (http://192.168.7.10:7006/__cypress/runner/cypress_runner.js:1621:10)\n    at Promise._settlePromises (http://192.168.7.10:7006/__cypress/runner/cypress_runner.js:1701:18)\n    at _drainQueueStep (http://192.168.7.10:7006/__cypress/runner/cypress_runner.js:2407:12)\n    at _drainQueue (http://192.168.7.10:7006/__cypress/runner/cypress_runner.js:2400:9)\n    at Async._drainQueues (http://192.168.7.10:7006/__cypress/runner/cypress_runner.js:2416:5)\n    at Async.drainQueues (http://192.168.7.10:7006/__cypress/runner/cypress_runner.js:2286:14)\nFrom Your Spec Code:\n    at Context.eval (webpack:///./cypress/e2e/AutoTests/Customer/Create-tripRequest.cy.js:10:11)",
                "diff": null
              },
              "uuid": "c43ada42-cdff-496d-a68b-0a0ebb96a250",
              "parentUUID": "e1655ee3-1786-4574-b243-4c593b943df7",
              "isHook": false,
              "skipped": false
            }
          ],
          "suites": [],
          "passes": [],
          "failures": [
            "c43ada42-cdff-496d-a68b-0a0ebb96a250"
          ],
          "pending": [],
          "skipped": [],
          "duration": 616,
          "root": false,
          "rootEmpty": false,
          "_timeout": 2000
        }
      ],
      "passes": [],
      "failures": [],
      "pending": [],
      "skipped": [],
      "duration": 0,
      "root": true,
      "rootEmpty": true,
      "_timeout": 2000
    }
  ],
  "meta": {
    "mocha": {
      "version": "7.0.1"
    },
    "mochawesome": {
      "options": {
        "quiet": false,
        "reportFilename": "mochawesome",
        "saveHtml": false,
        "saveJson": true,
        "consoleReporter": "spec",
        "useInlineDiffs": false,
        "code": true
      },
      "version": "7.1.3"
    },
    "marge": {
      "options": {
        "overwrite": false,
        "html": false,
        "json": true,
        "reportDir": "cypress/reports/html/.jsons"
      },
      "version": "6.2.0"
    }
  }
}