{
  "stats": {
    "suites": 2,
    "tests": 2,
    "passes": 1,
    "pending": 0,
    "failures": 1,
    "start": "2026-09-05T09:07:14.777Z",
    "end": "2026-09-05T09:07:22.163Z",
    "duration": 7386,
    "testsRegistered": 2,
    "passPercent": 50,
    "pendingPercent": 0,
    "other": 0,
    "hasOther": false,
    "skipped": 0,
    "hasSkipped": false
  },
  "results": [
    {
      "uuid": "4d16431e-e67b-4461-9267-ecefda374a49",
      "title": "",
      "fullFile": "cypress/e2e/AutoTests/Customer/Login.cy.js",
      "file": "cypress/e2e/AutoTests/Customer/Login.cy.js",
      "beforeHooks": [],
      "afterHooks": [],
      "tests": [],
      "suites": [
        {
          "uuid": "e189df39-2bdc-435a-8024-3c9cc156098a",
          "title": "Login CustomerPanel",
          "fullFile": "",
          "file": "",
          "beforeHooks": [],
          "afterHooks": [],
          "tests": [
            {
              "title": "Login Successfully",
              "fullTitle": "Login CustomerPanel Login Successfully",
              "timedOut": null,
              "duration": 5262,
              "state": "passed",
              "speed": "medium",
              "pass": true,
              "fail": false,
              "pending": false,
              "context": null,
              "code": "cy.visit(`${_urls.URL}${_urls.customer}`);\ncy.wait(2000);\nlet login = new _home.Login();\nlogin.usernameInput();\nlogin.passwordInput();\ncy.get('[class=\"q-page q-layout-padding bg-white q-pt-lg\"]').should('be.visible');",
              "err": {},
              "uuid": "53ac5d9f-edb0-4197-9943-4ac6131df4ea",
              "parentUUID": "e189df39-2bdc-435a-8024-3c9cc156098a",
              "isHook": false,
              "skipped": false
            }
          ],
          "suites": [],
          "passes": [
            "53ac5d9f-edb0-4197-9943-4ac6131df4ea"
          ],
          "failures": [],
          "pending": [],
          "skipped": [],
          "duration": 5262,
          "root": false,
          "rootEmpty": false,
          "_timeout": 2000
        },
        {
          "uuid": "1339a770-185d-4341-a2c7-0533119d4df5",
          "title": "Logout CustomerPanel",
          "fullFile": "",
          "file": "",
          "beforeHooks": [],
          "afterHooks": [],
          "tests": [
            {
              "title": "Logout Successfully",
              "fullTitle": "Logout CustomerPanel Logout Successfully",
              "timedOut": null,
              "duration": 278,
              "state": "failed",
              "speed": null,
              "pass": false,
              "fail": true,
              "pending": false,
              "context": null,
              "code": "cy.visit(`${_urls.URL}${_urls.customer}`);\nlet Login = (0, _login.loginCustomer)();\ncy.request({\n  method: 'POST',\n  url: `${Login.baseUrl.adminBaseURL()}/login`,\n  body: Login.body\n}).as('login-user');\ncy.get('@login-user').then(res => {\n  let account = JSON.stringify(res.body);\n  window.localStorage.setItem('ACCOUNT', account);\n});\ncy.reload();\ncy.wait(2000);\ncy.gclick('[href=\"/dashboard\"]');\ncy.wait(500);\ncy.get('div').contains('خروج').click();\ncy.wait(500);\ncy.get('.full-height').should('be.visible');",
              "err": {
                "message": "CypressError: `cy.request()` failed on:\n\nhttp://192.168.7.10:7071/api/admin/pub/account/login\n\nThe response we received from your web server was:\n\n  > 406: Not Acceptable\n\nThis was considered a failure because the status code was not `2xx` or `3xx`.\n\nIf you do not want status codes to cause failures pass the option: `failOnStatusCode: false`\n\n-----------------------------------------------------------\n\nThe request we sent was:\n\nMethod: POST\nURL: http://192.168.7.10:7071/api/admin/pub/account/login\nHeaders: {\n  \"Connection\": \"keep-alive\",\n  \"user-agent\": \"Mozilla/5.0 (X11; Linux x86_64) AppleWebKit/537.36 (KHTML, like Gecko) Cypress/13.7.3 Chrome/118.0.5993.159 Electron/27.1.3 Safari/537.36\",\n  \"accept\": \"*/*\",\n  \"accept-encoding\": \"gzip, deflate\",\n  \"content-type\": \"application/json\",\n  \"content-length\": 132\n}\nBody: {\"panelType\":\"CUSTOMER\",\"clientType\":\"WEB\",\"uniqueId\":979807369,\"username\":\"+989362348839\",\"password\":\"123456\",\"firebaseToken\":null}\n\n-----------------------------------------------------------\n\nThe response we got was:\n\nStatus: 406 - Not Acceptable\nHeaders: {\n  \"server\": \"nginx/1.18.0 (Ubuntu)\",\n  \"date\": \"Sat, 05 Sep 2026 09:08:08 GMT\",\n  \"content-type\": \"application/json\",\n  \"content-length\": \"73\",\n  \"connection\": \"keep-alive\",\n  \"vary\": \"Origin, Access-Control-Request-Method, Access-Control-Request-Headers\",\n  \"x-content-type-options\": \"nosniff\",\n  \"x-xss-protection\": \"0\",\n  \"cache-control\": \"no-cache, no-store, max-age=0, must-revalidate\",\n  \"pragma\": \"no-cache\",\n  \"expires\": \"0\",\n  \"x-frame-options\": \"DENY\",\n  \"strict-transport-security\": \"max-age=7889400; preload;\"\n}\nBody: {\n  \"code\": \"INVALID_TOKEN_HEADER\",\n  \"status\": 406,\n  \"errorCode\": 2101,\n  \"data\": null\n}\n\n\nhttps://on.cypress.io/request",
                "estack": "CypressError: `cy.request()` failed on:\n\nhttp://192.168.7.10:7071/api/admin/pub/account/login\n\nThe response we received from your web server was:\n\n  > 406: Not Acceptable\n\nThis was considered a failure because the status code was not `2xx` or `3xx`.\n\nIf you do not want status codes to cause failures pass the option: `failOnStatusCode: false`\n\n-----------------------------------------------------------\n\nThe request we sent was:\n\nMethod: POST\nURL: http://192.168.7.10:7071/api/admin/pub/account/login\nHeaders: {\n  \"Connection\": \"keep-alive\",\n  \"user-agent\": \"Mozilla/5.0 (X11; Linux x86_64) AppleWebKit/537.36 (KHTML, like Gecko) Cypress/13.7.3 Chrome/118.0.5993.159 Electron/27.1.3 Safari/537.36\",\n  \"accept\": \"*/*\",\n  \"accept-encoding\": \"gzip, deflate\",\n  \"content-type\": \"application/json\",\n  \"content-length\": 132\n}\nBody: {\"panelType\":\"CUSTOMER\",\"clientType\":\"WEB\",\"uniqueId\":979807369,\"username\":\"+989362348839\",\"password\":\"123456\",\"firebaseToken\":null}\n\n-----------------------------------------------------------\n\nThe response we got was:\n\nStatus: 406 - Not Acceptable\nHeaders: {\n  \"server\": \"nginx/1.18.0 (Ubuntu)\",\n  \"date\": \"Sat, 05 Sep 2026 09:08:08 GMT\",\n  \"content-type\": \"application/json\",\n  \"content-length\": \"73\",\n  \"connection\": \"keep-alive\",\n  \"vary\": \"Origin, Access-Control-Request-Method, Access-Control-Request-Headers\",\n  \"x-content-type-options\": \"nosniff\",\n  \"x-xss-protection\": \"0\",\n  \"cache-control\": \"no-cache, no-store, max-age=0, must-revalidate\",\n  \"pragma\": \"no-cache\",\n  \"expires\": \"0\",\n  \"x-frame-options\": \"DENY\",\n  \"strict-transport-security\": \"max-age=7889400; preload;\"\n}\nBody: {\n  \"code\": \"INVALID_TOKEN_HEADER\",\n  \"status\": 406,\n  \"errorCode\": 2101,\n  \"data\": null\n}\n\n\nhttps://on.cypress.io/request\n    at <unknown> (http://192.168.7.10:7006/__cypress/runner/cypress_runner.js:133123:72)\n    at tryCatcher (http://192.168.7.10:7006/__cypress/runner/cypress_runner.js:1807:23)\n    at Promise._settlePromiseFromHandler (http://192.168.7.10:7006/__cypress/runner/cypress_runner.js:1519:31)\n    at Promise._settlePromise (http://192.168.7.10:7006/__cypress/runner/cypress_runner.js:1576:18)\n    at Promise._settlePromise0 (http://192.168.7.10:7006/__cypress/runner/cypress_runner.js:1621:10)\n    at Promise._settlePromises (http://192.168.7.10:7006/__cypress/runner/cypress_runner.js:1701:18)\n    at _drainQueueStep (http://192.168.7.10:7006/__cypress/runner/cypress_runner.js:2407:12)\n    at _drainQueue (http://192.168.7.10:7006/__cypress/runner/cypress_runner.js:2400:9)\n    at Async._drainQueues (http://192.168.7.10:7006/__cypress/runner/cypress_runner.js:2416:5)\n    at Async.drainQueues (http://192.168.7.10:7006/__cypress/runner/cypress_runner.js:2286:14)\nFrom Your Spec Code:\n    at Context.eval (webpack:///./cypress/e2e/AutoTests/Customer/Login.cy.js:27:11)",
                "diff": null
              },
              "uuid": "ba5e4e91-83ab-4454-a672-1f174ffd6057",
              "parentUUID": "1339a770-185d-4341-a2c7-0533119d4df5",
              "isHook": false,
              "skipped": false
            }
          ],
          "suites": [],
          "passes": [],
          "failures": [
            "ba5e4e91-83ab-4454-a672-1f174ffd6057"
          ],
          "pending": [],
          "skipped": [],
          "duration": 278,
          "root": false,
          "rootEmpty": false,
          "_timeout": 2000
        }
      ],
      "passes": [],
      "failures": [],
      "pending": [],
      "skipped": [],
      "duration": 0,
      "root": true,
      "rootEmpty": true,
      "_timeout": 2000
    }
  ],
  "meta": {
    "mocha": {
      "version": "7.0.1"
    },
    "mochawesome": {
      "options": {
        "quiet": false,
        "reportFilename": "mochawesome",
        "saveHtml": false,
        "saveJson": true,
        "consoleReporter": "spec",
        "useInlineDiffs": false,
        "code": true
      },
      "version": "7.1.3"
    },
    "marge": {
      "options": {
        "overwrite": false,
        "html": false,
        "json": true,
        "reportDir": "cypress/reports/html/.jsons"
      },
      "version": "6.2.0"
    }
  }
}